[I 2025-04-18 16:00:55,621] A new study created in RDB with name: temporalattentiongnn-gnn-tuning-20250418-160051
/home4/s5185491/forecasting_smog_DL_GNN/.venv/lib/python3.10/site-packages/torch/nn/modules/rnn.py:71: UserWarning: dropout option adds dropout after all but last recurrent layer, so non-zero dropout expects num_layers greater than 1, but got dropout=0.5 and num_layers=1
  warnings.warn("dropout option adds dropout after all but last "
[I 2025-04-18 16:45:43,961] Trial 0 finished with value: 0.012938366113230586 and parameters: {'lr': 0.00021277338555625321, 'weight_decay': 0.0007728127727099163, 'batch_size': 64, 'hidden_dim': 128, 'num_gcn': 3, 'gat_heads': 4, 'gat_layers': 1, 'gru_layers': 1, 'dropout': 0.5, 'plateau_factor': 0.1, 'plateau_patience': 9, 'plateau_min_lr': 4.200328870585807e-07}. Best is trial 0 with value: 0.012938366113230586.
[I 2025-04-19 06:04:00,757] Trial 1 finished with value: 0.012756547186261595 and parameters: {'lr': 7.503496779550269e-05, 'weight_decay': 0.00015600576754531173, 'batch_size': 16, 'hidden_dim': 32, 'num_gcn': 2, 'gat_heads': 1, 'gat_layers': 3, 'gru_layers': 3, 'dropout': 0.2, 'plateau_factor': 0.1, 'plateau_patience': 10, 'plateau_min_lr': 9.460275451257308e-08}. Best is trial 1 with value: 0.012756547186261595.
/home4/s5185491/forecasting_smog_DL_GNN/.venv/lib/python3.10/site-packages/torch/nn/modules/rnn.py:71: UserWarning: dropout option adds dropout after all but last recurrent layer, so non-zero dropout expects num_layers greater than 1, but got dropout=0.30000000000000004 and num_layers=1
  warnings.warn("dropout option adds dropout after all but last "
[I 2025-04-19 06:17:12,573] Trial 2 finished with value: 0.012731163324788212 and parameters: {'lr': 0.0006732100281615107, 'weight_decay': 4.678054464058427e-06, 'batch_size': 64, 'hidden_dim': 64, 'num_gcn': 2, 'gat_heads': 2, 'gat_layers': 1, 'gru_layers': 1, 'dropout': 0.30000000000000004, 'plateau_factor': 0.2, 'plateau_patience': 7, 'plateau_min_lr': 5.652435122628172e-07}. Best is trial 2 with value: 0.012731163324788212.
[I 2025-04-19 06:21:04,366] Trial 3 pruned. 
[I 2025-04-19 10:04:33,708] Trial 4 finished with value: 0.01293122509494424 and parameters: {'lr': 1.254307359534487e-05, 'weight_decay': 3.7514743044192525e-06, 'batch_size': 64, 'hidden_dim': 128, 'num_gcn': 1, 'gat_heads': 8, 'gat_layers': 3, 'gru_layers': 1, 'dropout': 0.30000000000000004, 'plateau_factor': 0.7, 'plateau_patience': 9, 'plateau_min_lr': 9.81243067985162e-08}. Best is trial 2 with value: 0.012731163324788212.
[I 2025-04-19 10:52:26,668] Trial 5 finished with value: 0.012685024561360479 and parameters: {'lr': 0.00010552737372425497, 'weight_decay': 2.4153138001423755e-05, 'batch_size': 32, 'hidden_dim': 32, 'num_gcn': 3, 'gat_heads': 2, 'gat_layers': 1, 'gru_layers': 3, 'dropout': 0.2, 'plateau_factor': 0.1, 'plateau_patience': 4, 'plateau_min_lr': 2.97255136008285e-07}. Best is trial 5 with value: 0.012685024561360479.
[I 2025-04-19 10:54:45,609] Trial 6 pruned. 
[I 2025-04-19 13:48:39,551] Trial 7 finished with value: 0.012787309382110834 and parameters: {'lr': 2.192228441534421e-05, 'weight_decay': 0.00027848006141053644, 'batch_size': 64, 'hidden_dim': 96, 'num_gcn': 2, 'gat_heads': 8, 'gat_layers': 4, 'gru_layers': 4, 'dropout': 0.1, 'plateau_factor': 0.7, 'plateau_patience': 7, 'plateau_min_lr': 7.07532235909441e-07}. Best is trial 5 with value: 0.012685024561360479.
[I 2025-04-19 13:51:19,796] Trial 8 pruned. 
[I 2025-04-19 13:56:46,687] Trial 9 pruned. 
[I 2025-04-19 13:59:45,041] Trial 10 pruned. 
[I 2025-04-19 14:02:45,506] Trial 11 pruned. 
[I 2025-04-19 14:04:19,008] Trial 12 pruned. 
[I 2025-04-19 14:07:16,088] Trial 13 pruned. 
[I 2025-04-19 14:10:15,787] Trial 14 pruned. 
[I 2025-04-19 14:41:42,520] Trial 15 finished with value: 0.012752369809895754 and parameters: {'lr': 0.0004593154177502972, 'weight_decay': 6.365723526600048e-06, 'batch_size': 64, 'hidden_dim': 80, 'num_gcn': 4, 'gat_heads': 4, 'gat_layers': 2, 'gru_layers': 2, 'dropout': 0.1, 'plateau_factor': 0.5, 'plateau_patience': 4, 'plateau_min_lr': 1.5193008967960015e-07}. Best is trial 5 with value: 0.012685024561360479.
[I 2025-04-19 14:53:19,279] Trial 16 pruned. 
/home4/s5185491/forecasting_smog_DL_GNN/.venv/lib/python3.10/site-packages/torch/nn/modules/rnn.py:71: UserWarning: dropout option adds dropout after all but last recurrent layer, so non-zero dropout expects num_layers greater than 1, but got dropout=0.2 and num_layers=1
  warnings.warn("dropout option adds dropout after all but last "
[I 2025-04-19 15:17:53,784] Trial 17 finished with value: 0.012568057486787439 and parameters: {'lr': 0.0005395906075097096, 'weight_decay': 1.2021834403210887e-05, 'batch_size': 64, 'hidden_dim': 32, 'num_gcn': 3, 'gat_heads': 2, 'gat_layers': 1, 'gru_layers': 1, 'dropout': 0.2, 'plateau_factor': 0.2, 'plateau_patience': 6, 'plateau_min_lr': 5.2337442115875155e-08}. Best is trial 17 with value: 0.012568057486787439.
[I 2025-04-19 15:23:08,069] Trial 18 pruned. 
[I 2025-04-19 15:26:00,675] Trial 19 pruned. 
[I 2025-04-19 15:28:44,079] Trial 20 pruned. 
[I 2025-04-19 15:29:30,506] Trial 21 pruned. 
[I 2025-04-19 15:49:26,157] Trial 22 finished with value: 0.012583749620243907 and parameters: {'lr': 0.0006564147936376146, 'weight_decay': 3.280840946344379e-05, 'batch_size': 64, 'hidden_dim': 48, 'num_gcn': 2, 'gat_heads': 2, 'gat_layers': 1, 'gru_layers': 1, 'dropout': 0.30000000000000004, 'plateau_factor': 0.2, 'plateau_patience': 6, 'plateau_min_lr': 1.4026332613921305e-07}. Best is trial 17 with value: 0.012568057486787439.
[I 2025-04-19 15:50:55,055] Trial 23 pruned. 
/home4/s5185491/forecasting_smog_DL_GNN/.venv/lib/python3.10/site-packages/torch/nn/modules/rnn.py:71: UserWarning: dropout option adds dropout after all but last recurrent layer, so non-zero dropout expects num_layers greater than 1, but got dropout=0.4 and num_layers=1
  warnings.warn("dropout option adds dropout after all but last "
submitit WARNING (2025-04-19 15:58:26,010) - Bypassing signal SIGCONT
submitit WARNING (2025-04-19 15:58:26,011) - Caught signal SIGUSR2 on v100v2gpu9: this job is timed-out.
[W 2025-04-19 15:58:26,110] Trial 24 failed with parameters: {'lr': 0.0009912771292339482, 'weight_decay': 7.15447784378641e-05, 'batch_size': 64, 'hidden_dim': 32, 'num_gcn': 2, 'gat_heads': 2, 'gat_layers': 1, 'gru_layers': 1, 'dropout': 0.4, 'plateau_factor': 0.2, 'plateau_patience': 5, 'plateau_min_lr': 7.100285711447846e-08} because of the following error: UncompletedJobError('Job not requeued because: timed-out too many times.').
Traceback (most recent call last):
  File "/home4/s5185491/forecasting_smog_DL_GNN/.venv/lib/python3.10/site-packages/optuna/study/_optimize.py", line 197, in _run_trial
    value_or_values = func(trial)
  File "/home4/s5185491/second-copy/src/tune_and_final_hydra.py", line 109, in <lambda>
    lambda trial: objective(
  File "/home4/s5185491/second-copy/src/graph_modelling/utils/tune_gnn.py", line 283, in objective
    avg_train_loss = train_epoch_optuna(
  File "/home4/s5185491/second-copy/src/graph_modelling/utils/tune_gnn.py", line 50, in train_epoch_optuna
    out = model(batch)
  File "/home4/s5185491/forecasting_smog_DL_GNN/.venv/lib/python3.10/site-packages/torch/nn/modules/module.py", line 1501, in _call_impl
    return forward_call(*args, **kwargs)
  File "/home4/s5185491/second-copy/src/graph_modelling/models/temporalattentiongnn.py", line 99, in forward
    x_t = F.elu(gat(x_t, edge_index))
  File "/home4/s5185491/forecasting_smog_DL_GNN/.venv/lib/python3.10/site-packages/torch/nn/modules/module.py", line 1501, in _call_impl
    return forward_call(*args, **kwargs)
  File "/home4/s5185491/forecasting_smog_DL_GNN/.venv/lib/python3.10/site-packages/torch_geometric/nn/conv/gat_conv.py", line 347, in forward
    edge_index, edge_attr = remove_self_loops(
  File "/home4/s5185491/forecasting_smog_DL_GNN/.venv/lib/python3.10/site-packages/torch_geometric/utils/loop.py", line 115, in remove_self_loops
    if not torch.jit.is_scripting() and isinstance(edge_index, EdgeIndex):
  File "/home4/s5185491/forecasting_smog_DL_GNN/.venv/lib/python3.10/site-packages/torch/_jit_internal.py", line 1102, in is_scripting
    def is_scripting() -> bool:
  File "/home4/s5185491/forecasting_smog_DL_GNN/.venv/lib/python3.10/site-packages/submitit/core/job_environment.py", line 226, in checkpoint_and_try_requeue
    raise utils.UncompletedJobError(message)
submitit.core.utils.UncompletedJobError: Job not requeued because: timed-out too many times.
[W 2025-04-19 15:58:26,136] Trial 24 failed with value None.
